<?xml version="1.0" encoding="UTF-8"?>
<testng-results ignored="0" total="2" passed="2" failed="0" skipped="0">
  <reporter-output>
  </reporter-output>
  <suite started-at="2026-03-10T14:29:38 IST" name="Suite" finished-at="2026-03-10T14:30:02 IST" duration-ms="24327">
    <groups>
    </groups>
    <test started-at="2026-03-10T14:29:38 IST" name="SampleTest1" finished-at="2026-03-10T14:30:02 IST" duration-ms="24327">
      <class name="tests.LoginTest">
        <test-method is-config="true" signature="beforeSuiteActions()[pri:0, instance:tests.LoginTest@62ddbd7e]" started-at="2026-03-10T14:29:37 IST" name="beforeSuiteActions" finished-at="2026-03-10T14:29:38 IST" duration-ms="218" status="PASS">
          <reporter-output>
          </reporter-output>
        </test-method> <!-- beforeSuiteActions -->
        <test-method is-config="true" signature="setup()[pri:0, instance:tests.LoginTest@62ddbd7e]" started-at="2026-03-10T14:29:38 IST" name="setup" finished-at="2026-03-10T14:29:47 IST" duration-ms="9446" status="PASS">
          <reporter-output>
          </reporter-output>
        </test-method> <!-- setup -->
        <test-method signature="invalidLogin()[pri:0, instance:tests.LoginTest@62ddbd7e]" started-at="2026-03-10T14:29:47 IST" name="invalidLogin" finished-at="2026-03-10T14:29:51 IST" duration-ms="3954" status="PASS">
          <reporter-output>
          </reporter-output>
        </test-method> <!-- invalidLogin -->
        <test-method is-config="true" signature="tearDown()[pri:0, instance:tests.LoginTest@62ddbd7e]" started-at="2026-03-10T14:29:51 IST" name="tearDown" finished-at="2026-03-10T14:29:51 IST" duration-ms="297" status="PASS">
          <reporter-output>
          </reporter-output>
        </test-method> <!-- tearDown -->
        <test-method is-config="true" signature="setup()[pri:0, instance:tests.LoginTest@62ddbd7e]" started-at="2026-03-10T14:29:51 IST" name="setup" finished-at="2026-03-10T14:29:57 IST" duration-ms="5698" status="PASS">
          <reporter-output>
          </reporter-output>
        </test-method> <!-- setup -->
        <test-method signature="validLogin()[pri:0, instance:tests.LoginTest@62ddbd7e]" started-at="2026-03-10T14:29:57 IST" name="validLogin" finished-at="2026-03-10T14:30:02 IST" duration-ms="4671" status="PASS">
          <reporter-output>
          </reporter-output>
        </test-method> <!-- validLogin -->
        <test-method is-config="true" signature="tearDown()[pri:0, instance:tests.LoginTest@62ddbd7e]" started-at="2026-03-10T14:30:02 IST" name="tearDown" finished-at="2026-03-10T14:30:02 IST" duration-ms="224" status="PASS">
          <reporter-output>
          </reporter-output>
        </test-method> <!-- tearDown -->
        <test-method is-config="true" signature="afterSuiteActions()[pri:0, instance:tests.LoginTest@62ddbd7e]" started-at="2026-03-10T14:30:02 IST" name="afterSuiteActions" finished-at="2026-03-10T14:30:02 IST" duration-ms="274" status="PASS">
          <reporter-output>
          </reporter-output>
        </test-method> <!-- afterSuiteActions -->
      </class> <!-- tests.LoginTest -->
    </test> <!-- SampleTest1 -->
  </suite> <!-- Suite -->
</testng-results>
